<?xml version="1.0" encoding="UTF-8"?>
<!-- Generated by org.testng.reporters.JUnitXMLReporter -->
<testsuite hostname="LAPTOP-9DRM29DE" ignored="1" name="Test" tests="2" failures="0" timestamp="02 Sep 2018 13:00:11 GMT" time="12.252" errors="0">
  <testcase name="test2" time="0.0" classname="WebdriverPro.web.tests.LoginTest"/>
  <testcase name="verifyHomePage" time="0.008" classname="WebdriverPro.web.tests.LoginTest"/>
  <testcase name="test3" time="0.0" classname="WebdriverPro.web.tests.LoginTest">
    <ignored/>
  </testcase> <!-- test3 -->
</testsuite> <!-- Test -->
