<?xml version="1.0" encoding="UTF-8"?>
<!-- Generated by org.testng.reporters.JUnitXMLReporter -->
<testsuite hostname="LAPTOP-9DRM29DE" ignored="12" name="testNG groups tests" tests="1" failures="0" timestamp="20 Sep 2018 20:03:50 GMT" time="0.026" errors="0">
  <testcase name="testForgotPassword" time="0.008" classname="WebdriverPro.web.tests.testNGpackage.LogInTest"/>
  <testcase name="premiumUserTest" time="0.0" classname="WebdriverPro.web.tests.testNGpackage.UserTypeTests">
    <ignored/>
  </testcase> <!-- premiumUserTest -->
  <testcase name="adminUserTest" time="0.0" classname="WebdriverPro.web.tests.testNGpackage.UserTypeTests">
    <ignored/>
  </testcase> <!-- adminUserTest -->
  <testcase name="testExistingUser" time="0.0" classname="WebdriverPro.web.tests.testNGpackage.LogInTest">
    <ignored/>
  </testcase> <!-- testExistingUser -->
  <testcase name="testValidLogin" time="0.0" classname="WebdriverPro.web.tests.testNGpackage.LogInTest">
    <ignored/>
  </testcase> <!-- testValidLogin -->
  <testcase name="testInvalidLogin" time="0.0" classname="WebdriverPro.web.tests.testNGpackage.LogInTest">
    <ignored/>
  </testcase> <!-- testInvalidLogin -->
  <testcase name="testNewUserLogin" time="0.0" classname="WebdriverPro.web.tests.testNGpackage.LogInTest">
    <ignored/>
  </testcase> <!-- testNewUserLogin -->
  <testcase name="testSessionTime" time="0.0" classname="WebdriverPro.web.tests.testNGpackage.LogInTest">
    <ignored/>
  </testcase> <!-- testSessionTime -->
  <testcase name="registerWithExistingUser" time="0.0" classname="WebdriverPro.web.tests.testNGpackage.RegisterUserTest">
    <ignored/>
  </testcase> <!-- registerWithExistingUser -->
  <testcase name="guestUserTest" time="0.0" classname="WebdriverPro.web.tests.testNGpackage.UserTypeTests">
    <ignored/>
  </testcase> <!-- guestUserTest -->
  <testcase name="testLockedAccountLogin" time="0.0" classname="WebdriverPro.web.tests.testNGpackage.LogInTest">
    <ignored/>
  </testcase> <!-- testLockedAccountLogin -->
  <testcase name="createNewUser" time="0.0" classname="WebdriverPro.web.tests.testNGpackage.RegisterUserTest">
    <ignored/>
  </testcase> <!-- createNewUser -->
  <testcase name="freeUserTest" time="0.0" classname="WebdriverPro.web.tests.testNGpackage.UserTypeTests">
    <ignored/>
  </testcase> <!-- freeUserTest -->
</testsuite> <!-- testNG groups tests -->
