<?xml version="1.0" encoding="UTF-8"?>
<testng-results skipped="0" failed="0" ignored="1" total="3" passed="2">
  <reporter-output>
  </reporter-output>
  <suite name="Suite" duration-ms="12252" started-at="2018-09-02T12:59:59Z" finished-at="2018-09-02T13:00:11Z">
    <groups>
    </groups>
    <test name="Test" duration-ms="12252" started-at="2018-09-02T12:59:59Z" finished-at="2018-09-02T13:00:11Z">
      <class name="WebdriverPro.web.tests.LoginTest">
        <test-method status="PASS" signature="launchBrowser(java.lang.reflect.Method)[pri:0, instance:WebdriverPro.web.tests.LoginTest@64729b1e]" name="launchBrowser" is-config="true" duration-ms="4608" started-at="2018-09-02T12:59:59Z" finished-at="2018-09-02T13:00:04Z">
          <params>
            <param index="0">
              <value>
                <![CDATA[public void WebdriverPro.web.tests.LoginTest.test2()]]>
              </value>
            </param>
          </params>
          <reporter-output>
          </reporter-output>
        </test-method> <!-- launchBrowser -->
        <test-method status="PASS" signature="test2()[pri:0, instance:WebdriverPro.web.tests.LoginTest@64729b1e]" name="test2" duration-ms="0" started-at="2018-09-02T13:00:04Z" finished-at="2018-09-02T13:00:04Z">
          <reporter-output>
          </reporter-output>
        </test-method> <!-- test2 -->
        <test-method status="PASS" signature="takeScreenshot(org.testng.ITestResult)[pri:0, instance:WebdriverPro.web.tests.LoginTest@64729b1e]" name="takeScreenshot" is-config="true" duration-ms="397" started-at="2018-09-02T13:00:04Z" finished-at="2018-09-02T13:00:04Z">
          <params>
            <param index="0">
              <value>
                <![CDATA[[TestResult name=test2 status=SUCCESS method=LoginTest.test2()[pri:0, instance:WebdriverPro.web.tests.LoginTest@64729b1e] output={null}]]]>
              </value>
            </param>
          </params>
          <reporter-output>
          </reporter-output>
        </test-method> <!-- takeScreenshot -->
        <test-method status="PASS" signature="quitBrowser()[pri:0, instance:WebdriverPro.web.tests.LoginTest@64729b1e]" name="quitBrowser" is-config="true" duration-ms="1534" started-at="2018-09-02T13:00:04Z" depends-on-methods="WebdriverPro.web.framework.WebdriverTestBase.takeScreenshot" finished-at="2018-09-02T13:00:06Z">
          <reporter-output>
          </reporter-output>
        </test-method> <!-- quitBrowser -->
        <test-method status="PASS" signature="launchBrowser(java.lang.reflect.Method)[pri:0, instance:WebdriverPro.web.tests.LoginTest@64729b1e]" name="launchBrowser" is-config="true" duration-ms="4016" started-at="2018-09-02T13:00:06Z" finished-at="2018-09-02T13:00:10Z">
          <params>
            <param index="0">
              <value>
                <![CDATA[public void WebdriverPro.web.tests.LoginTest.verifyHomePage()]]>
              </value>
            </param>
          </params>
          <reporter-output>
          </reporter-output>
        </test-method> <!-- launchBrowser -->
        <test-method status="PASS" signature="verifyHomePage()[pri:0, instance:WebdriverPro.web.tests.LoginTest@64729b1e]" name="verifyHomePage" duration-ms="8" started-at="2018-09-02T13:00:10Z" finished-at="2018-09-02T13:00:10Z">
          <reporter-output>
          </reporter-output>
        </test-method> <!-- verifyHomePage -->
        <test-method status="PASS" signature="takeScreenshot(org.testng.ITestResult)[pri:0, instance:WebdriverPro.web.tests.LoginTest@64729b1e]" name="takeScreenshot" is-config="true" duration-ms="353" started-at="2018-09-02T13:00:10Z" finished-at="2018-09-02T13:00:10Z">
          <params>
            <param index="0">
              <value>
                <![CDATA[[TestResult name=verifyHomePage status=SUCCESS method=LoginTest.verifyHomePage()[pri:0, instance:WebdriverPro.web.tests.LoginTest@64729b1e] output={null}]]]>
              </value>
            </param>
          </params>
          <reporter-output>
          </reporter-output>
        </test-method> <!-- takeScreenshot -->
        <test-method status="PASS" signature="quitBrowser()[pri:0, instance:WebdriverPro.web.tests.LoginTest@64729b1e]" name="quitBrowser" is-config="true" duration-ms="1316" started-at="2018-09-02T13:00:10Z" depends-on-methods="WebdriverPro.web.framework.WebdriverTestBase.takeScreenshot" finished-at="2018-09-02T13:00:11Z">
          <reporter-output>
          </reporter-output>
        </test-method> <!-- quitBrowser -->
      </class> <!-- WebdriverPro.web.tests.LoginTest -->
    </test> <!-- Test -->
  </suite> <!-- Suite -->
</testng-results>
