<?xml version="1.0" encoding="UTF-8"?>
<testng-results skipped="0" failed="1" total="1" passed="0">
  <reporter-output>
  </reporter-output>
  <suite name="Default suite" duration-ms="38730" started-at="2015-08-01T12:00:19Z" finished-at="2015-08-01T12:00:57Z">
    <groups>
    </groups>
    <test name="Default test" duration-ms="38730" started-at="2015-08-01T12:00:19Z" finished-at="2015-08-01T12:00:57Z">
      <class name="WebdriverPro.web.tests.LoginTest">
        <test-method status="PASS" signature="launchBrowser(java.lang.reflect.Method)[pri:0, instance:WebdriverPro.web.tests.LoginTest@5e36d9e4]" name="launchBrowser" is-config="true" duration-ms="17715" started-at="2015-08-01T17:30:19Z" finished-at="2015-08-01T17:30:36Z">
          <params>
            <param index="0">
              <value>
                <![CDATA[public void WebdriverPro.web.tests.LoginTest.verifyLogin()]]>
              </value>
            </param>
          </params>
          <reporter-output>
          </reporter-output>
        </test-method> <!-- launchBrowser -->
        <test-method status="FAIL" signature="verifyLogin()[pri:0, instance:WebdriverPro.web.tests.LoginTest@5e36d9e4]" name="verifyLogin" duration-ms="12618" started-at="2015-08-01T17:30:36Z" finished-at="2015-08-01T17:30:49Z">
          <exception class="java.lang.AssertionError">
            <message>
              <![CDATA[Objects not matched expected [abccdef] but found [test]]]>
            </message>
            <full-stacktrace>
              <![CDATA[java.lang.AssertionError: Objects not matched expected [abccdef] but found [test]
	at org.testng.Assert.fail(Assert.java:94)
	at org.testng.Assert.failNotEquals(Assert.java:496)
	at org.testng.Assert.assertEquals(Assert.java:125)
	at WebdriverPro.web.framework.WebdriverTestBase.verify(WebdriverTestBase.java:72)
	at WebdriverPro.web.tests.LoginTest.verifyLogin(LoginTest.java:25)
	at sun.reflect.NativeMethodAccessorImpl.invoke0(Native Method)
	at sun.reflect.NativeMethodAccessorImpl.invoke(Unknown Source)
	at sun.reflect.DelegatingMethodAccessorImpl.invoke(Unknown Source)
	at java.lang.reflect.Method.invoke(Unknown Source)
	at org.testng.internal.MethodInvocationHelper.invokeMethod(MethodInvocationHelper.java:85)
	at org.testng.internal.Invoker.invokeMethod(Invoker.java:639)
	at org.testng.internal.Invoker.invokeTestMethod(Invoker.java:821)
	at org.testng.internal.Invoker.invokeTestMethods(Invoker.java:1131)
	at org.testng.internal.TestMethodWorker.invokeTestMethods(TestMethodWorker.java:124)
	at org.testng.internal.TestMethodWorker.run(TestMethodWorker.java:108)
	at org.testng.TestRunner.privateRun(TestRunner.java:773)
	at org.testng.TestRunner.run(TestRunner.java:623)
	at org.testng.SuiteRunner.runTest(SuiteRunner.java:357)
	at org.testng.SuiteRunner.runSequentially(SuiteRunner.java:352)
	at org.testng.SuiteRunner.privateRun(SuiteRunner.java:310)
	at org.testng.SuiteRunner.run(SuiteRunner.java:259)
	at org.testng.SuiteRunnerWorker.runSuite(SuiteRunnerWorker.java:52)
	at org.testng.SuiteRunnerWorker.run(SuiteRunnerWorker.java:86)
	at org.testng.TestNG.runSuitesSequentially(TestNG.java:1185)
	at org.testng.TestNG.runSuitesLocally(TestNG.java:1110)
	at org.testng.TestNG.run(TestNG.java:1018)
	at org.testng.remote.RemoteTestNG.run(RemoteTestNG.java:111)
	at org.testng.remote.RemoteTestNG.initAndRun(RemoteTestNG.java:204)
	at org.testng.remote.RemoteTestNG.main(RemoteTestNG.java:175)
]]>
            </full-stacktrace>
          </exception> <!-- java.lang.AssertionError -->
          <reporter-output>
          </reporter-output>
        </test-method> <!-- verifyLogin -->
        <test-method status="PASS" signature="takeScreenshot(org.testng.ITestResult)[pri:0, instance:WebdriverPro.web.tests.LoginTest@5e36d9e4]" name="takeScreenshot" is-config="true" duration-ms="3904" started-at="2015-08-01T17:30:49Z" finished-at="2015-08-01T17:30:53Z">
          <params>
            <param index="0">
              <value>
                <![CDATA[[TestResult name=verifyLogin status=FAILURE method=LoginTest.verifyLogin()[pri:0, instance:WebdriverPro.web.tests.LoginTest@5e36d9e4] output={null}]]]>
              </value>
            </param>
          </params>
          <reporter-output>
          </reporter-output>
        </test-method> <!-- takeScreenshot -->
        <test-method status="PASS" signature="quitBrowser()[pri:0, instance:WebdriverPro.web.tests.LoginTest@5e36d9e4]" name="quitBrowser" is-config="true" duration-ms="4440" started-at="2015-08-01T17:30:53Z" depends-on-methods="WebdriverPro.web.framework.WebdriverTestBase.takeScreenshot" finished-at="2015-08-01T17:30:57Z">
          <reporter-output>
          </reporter-output>
        </test-method> <!-- quitBrowser -->
      </class> <!-- WebdriverPro.web.tests.LoginTest -->
    </test> <!-- Default test -->
  </suite> <!-- Default suite -->
</testng-results>
