<?xml version="1.0" encoding="UTF-8"?>
<testng-results skipped="0" failed="0" total="1" passed="1">
  <reporter-output>
  </reporter-output>
  <suite name="Suite" duration-ms="15939" started-at="2015-08-10T15:02:53Z" finished-at="2015-08-10T15:03:09Z">
    <groups>
    </groups>
    <test name="Test" duration-ms="15939" started-at="2015-08-10T15:02:53Z" finished-at="2015-08-10T15:03:09Z">
      <class name="WebdriverPro.web.tests.ParameterTestNG">
        <test-method status="PASS" signature="launchBrowser(java.lang.reflect.Method)[pri:0, instance:WebdriverPro.web.tests.ParameterTestNG@1c06d198]" name="launchBrowser" is-config="true" duration-ms="14223" started-at="2015-08-10T20:32:53Z" finished-at="2015-08-10T20:33:07Z">
          <params>
            <param index="0">
              <value>
                <![CDATA[public void WebdriverPro.web.tests.ParameterTestNG.verifyTestNGParameters(java.lang.String,java.lang.String)]]>
              </value>
            </param>
          </params>
          <reporter-output>
          </reporter-output>
        </test-method> <!-- launchBrowser -->
        <test-method status="PASS" signature="verifyTestNGParameters(java.lang.String, java.lang.String)[pri:0, instance:WebdriverPro.web.tests.ParameterTestNG@1c06d198]" name="verifyTestNGParameters" duration-ms="13" started-at="2015-08-10T20:33:07Z" finished-at="2015-08-10T20:33:07Z">
          <params>
            <param index="0">
              <value>
                <![CDATA[Optional User]]>
              </value>
            </param>
            <param index="1">
              <value>
                <![CDATA[jmary@lykal.com]]>
              </value>
            </param>
          </params>
          <reporter-output>
          </reporter-output>
        </test-method> <!-- verifyTestNGParameters -->
        <test-method status="PASS" signature="takeScreenshot(org.testng.ITestResult)[pri:0, instance:WebdriverPro.web.tests.ParameterTestNG@1c06d198]" name="takeScreenshot" is-config="true" duration-ms="251" started-at="2015-08-10T20:33:07Z" finished-at="2015-08-10T20:33:07Z">
          <params>
            <param index="0">
              <value>
                <![CDATA[[TestResult name=verifyTestNGParameters status=SUCCESS method=ParameterTestNG.verifyTestNGParameters(java.lang.String, java.lang.String)[pri:0, instance:WebdriverPro.web.tests.ParameterTestNG@1c06d198] output={null}]]]>
              </value>
            </param>
          </params>
          <reporter-output>
          </reporter-output>
        </test-method> <!-- takeScreenshot -->
        <test-method status="PASS" signature="quitBrowser()[pri:0, instance:WebdriverPro.web.tests.ParameterTestNG@1c06d198]" name="quitBrowser" is-config="true" duration-ms="1408" started-at="2015-08-10T20:33:07Z" depends-on-methods="WebdriverPro.web.framework.WebdriverTestBase.takeScreenshot" finished-at="2015-08-10T20:33:09Z">
          <reporter-output>
          </reporter-output>
        </test-method> <!-- quitBrowser -->
      </class> <!-- WebdriverPro.web.tests.ParameterTestNG -->
    </test> <!-- Test -->
  </suite> <!-- Suite -->
</testng-results>
