<?xml version="1.0" encoding="UTF-8"?>
<!-- Generated by org.testng.reporters.JUnitXMLReporter -->
<testsuite hostname="LAPTOP-9DRM29DE" ignored="0" name="Test" tests="13" failures="0" timestamp="20 Sep 2018 19:36:12 GMT" time="0.089" errors="0">
  <testcase name="testInvalidLogin" time="0.019" classname="WebdriverPro.web.tests.testNGpackage.LogInTest"/>
  <testcase name="testExistingUser" time="0.019" classname="WebdriverPro.web.tests.testNGpackage.LogInTest"/>
  <testcase name="testNewUserLogin" time="0.019" classname="WebdriverPro.web.tests.testNGpackage.LogInTest"/>
  <testcase name="testForgotPassword" time="0.019" classname="WebdriverPro.web.tests.testNGpackage.LogInTest"/>
  <testcase name="testLockedAccountLogin" time="0.019" classname="WebdriverPro.web.tests.testNGpackage.LogInTest"/>
  <testcase name="createNewUser" time="0.002" classname="WebdriverPro.web.tests.testNGpackage.RegisterUserTest"/>
  <testcase name="testValidLogin" time="0.004" classname="WebdriverPro.web.tests.testNGpackage.LogInTest"/>
  <testcase name="testSessionTime" time="0.006" classname="WebdriverPro.web.tests.testNGpackage.LogInTest"/>
  <testcase name="registerWithExistingUser" time="0.009" classname="WebdriverPro.web.tests.testNGpackage.RegisterUserTest"/>
  <testcase name="premiumUserTest" time="0.002" classname="WebdriverPro.web.tests.testNGpackage.UserTypeTests"/>
  <testcase name="guestUserTest" time="0.005" classname="WebdriverPro.web.tests.testNGpackage.UserTypeTests"/>
  <testcase name="freeUserTest" time="0.007" classname="WebdriverPro.web.tests.testNGpackage.UserTypeTests"/>
  <testcase name="adminUserTest" time="0.012" classname="WebdriverPro.web.tests.testNGpackage.UserTypeTests"/>
</testsuite> <!-- Test -->
