<?xml version="1.0" encoding="UTF-8"?>
<!-- Generated by org.testng.reporters.JUnitXMLReporter -->
<testsuite hostname="LAPTOP-9DRM29DE" ignored="5" name="Method suite tests" tests="8" failures="0" timestamp="20 Sep 2018 20:15:00 GMT" time="0.072" errors="0">
  <testcase name="testValidLogin" time="0.018" classname="WebdriverPro.web.tests.testNGpackage.LogInTest"/>
  <testcase name="testInvalidLogin" time="0.001" classname="WebdriverPro.web.tests.testNGpackage.LogInTest"/>
  <testcase name="createNewUser" time="0.001" classname="WebdriverPro.web.tests.testNGpackage.RegisterUserTest"/>
  <testcase name="registerWithExistingUser" time="0.001" classname="WebdriverPro.web.tests.testNGpackage.RegisterUserTest"/>
  <testcase name="adminUserTest" time="0.001" classname="WebdriverPro.web.tests.testNGpackage.UserTypeTests"/>
  <testcase name="freeUserTest" time="0.002" classname="WebdriverPro.web.tests.testNGpackage.UserTypeTests"/>
  <testcase name="guestUserTest" time="0.001" classname="WebdriverPro.web.tests.testNGpackage.UserTypeTests"/>
  <testcase name="premiumUserTest" time="0.002" classname="WebdriverPro.web.tests.testNGpackage.UserTypeTests"/>
  <testcase name="testForgotPassword" time="0.0" classname="WebdriverPro.web.tests.testNGpackage.LogInTest">
    <ignored/>
  </testcase> <!-- testForgotPassword -->
  <testcase name="testExistingUser" time="0.0" classname="WebdriverPro.web.tests.testNGpackage.LogInTest">
    <ignored/>
  </testcase> <!-- testExistingUser -->
  <testcase name="testNewUserLogin" time="0.0" classname="WebdriverPro.web.tests.testNGpackage.LogInTest">
    <ignored/>
  </testcase> <!-- testNewUserLogin -->
  <testcase name="testSessionTime" time="0.0" classname="WebdriverPro.web.tests.testNGpackage.LogInTest">
    <ignored/>
  </testcase> <!-- testSessionTime -->
  <testcase name="testLockedAccountLogin" time="0.0" classname="WebdriverPro.web.tests.testNGpackage.LogInTest">
    <ignored/>
  </testcase> <!-- testLockedAccountLogin -->
</testsuite> <!-- Method suite tests -->
